2021-03-07 20:21:13:2113 error: uncaughtException: тип Unable to compile TypeScript:
src/auth/cas_auth.routes.ts(67,26): error TS2769: No overload matches this call.
  Overload 1 of 2, '(fn: (user: User, done: (err: any, id?: unknown) => void) => void): void', gave the following error.
    Argument of type '(user: import("/app/src/models/student").User, done: (err: any, id?: unknown) => void) => void' is not assignable to parameter of type '(user: Express.User, done: (err: any, id?: unknown) => void) => void'.
      Types of parameters 'user' and 'user' are incompatible.
        Type 'User' is missing the following properties from type 'User': netId, evals
  Overload 2 of 2, '(fn: (req: IncomingMessage, user: User, done: (err: any, id?: unknown) => void) => void): void', gave the following error.
    Argument of type '(user: User, done: (err: any, id?: unknown) => void) => void' is not assignable to parameter of type '(req: IncomingMessage, user: User, done: (err: any, id?: unknown) => void) => void'.
      Types of parameters 'user' and 'req' are incompatible.
        Type 'IncomingMessage' is missing the following properties from type 'User': netId, evals
src/auth/cas_auth.routes.ts(127,51): error TS2339: Property 'netId' does not exist on type 'User'.
src/auth/cas_auth.routes.ts(140,28): error TS2339: Property 'evals' does not exist on type 'User'.
src/auth/cas_auth.routes.ts(143,51): error TS2339: Property 'netId' does not exist on type 'User'.
src/auth/cas_auth.routes.ts(157,43): error TS2339: Property 'netId' does not exist on type 'User'.

Error: тип Unable to compile TypeScript:
src/auth/cas_auth.routes.ts(67,26): error TS2769: No overload matches this call.
  Overload 1 of 2, '(fn: (user: User, done: (err: any, id?: unknown) => void) => void): void', gave the following error.
    Argument of type '(user: import("/app/src/models/student").User, done: (err: any, id?: unknown) => void) => void' is not assignable to parameter of type '(user: Express.User, done: (err: any, id?: unknown) => void) => void'.
      Types of parameters 'user' and 'user' are incompatible.
        Type 'User' is missing the following properties from type 'User': netId, evals
  Overload 2 of 2, '(fn: (req: IncomingMessage, user: User, done: (err: any, id?: unknown) => void) => void): void', gave the following error.
    Argument of type '(user: User, done: (err: any, id?: unknown) => void) => void' is not assignable to parameter of type '(req: IncomingMessage, user: User, done: (err: any, id?: unknown) => void) => void'.
      Types of parameters 'user' and 'req' are incompatible.
        Type 'IncomingMessage' is missing the following properties from type 'User': netId, evals
src/auth/cas_auth.routes.ts(127,51): error TS2339: Property 'netId' does not exist on type 'User'.
src/auth/cas_auth.routes.ts(140,28): error TS2339: Property 'evals' does not exist on type 'User'.
src/auth/cas_auth.routes.ts(143,51): error TS2339: Property 'netId' does not exist on type 'User'.
src/auth/cas_auth.routes.ts(157,43): error TS2339: Property 'netId' does not exist on type 'User'.

    at Object.<anonymous> (/app/src/auth/cas_auth.routes.ts:1:7)
    at Module._compile (node:internal/modules/cjs/loader:1092:14)
    at Module._compile (/app/node_modules/source-map-support/source-map-support.js:547:25)
    at Module.m._compile (/tmp/ts-node-dev-hook-550165582403608.js:69:33)
    at Module._extensions..js (node:internal/modules/cjs/loader:1121:10)
    at require.extensions..jsx.require.extensions..js (/tmp/ts-node-dev-hook-550165582403608.js:114:20)
    at require.extensions.<computed> (/tmp/ts-node-dev-hook-550165582403608.js:71:20)
    at Object.nodeDevHook [as .ts] (/app/node_modules/ts-node-dev/lib/hook.js:63:13)
    at Module.load (node:internal/modules/cjs/loader:972:32)
    at Function.Module._load (node:internal/modules/cjs/loader:813:14)
2021-03-08 00:50:54:5054 error: uncaughtException: тип Unable to compile TypeScript:
src/auth/cas_auth.routes.ts(67,26): error TS2769: No overload matches this call.
  Overload 1 of 2, '(fn: (user: User, done: (err: any, id?: unknown) => void) => void): void', gave the following error.
    Argument of type '(user: import("/app/src/models/student").User, done: (err: any, id?: unknown) => void) => void' is not assignable to parameter of type '(user: Express.User, done: (err: any, id?: unknown) => void) => void'.
      Types of parameters 'user' and 'user' are incompatible.
        Type 'User' is missing the following properties from type 'User': netId, evals
  Overload 2 of 2, '(fn: (req: IncomingMessage, user: User, done: (err: any, id?: unknown) => void) => void): void', gave the following error.
    Argument of type '(user: User, done: (err: any, id?: unknown) => void) => void' is not assignable to parameter of type '(req: IncomingMessage, user: User, done: (err: any, id?: unknown) => void) => void'.
      Types of parameters 'user' and 'req' are incompatible.
        Type 'IncomingMessage' is missing the following properties from type 'User': netId, evals
src/auth/cas_auth.routes.ts(127,51): error TS2339: Property 'netId' does not exist on type 'User'.
src/auth/cas_auth.routes.ts(140,28): error TS2339: Property 'evals' does not exist on type 'User'.
src/auth/cas_auth.routes.ts(143,51): error TS2339: Property 'netId' does not exist on type 'User'.
src/auth/cas_auth.routes.ts(157,43): error TS2339: Property 'netId' does not exist on type 'User'.

Error: тип Unable to compile TypeScript:
src/auth/cas_auth.routes.ts(67,26): error TS2769: No overload matches this call.
  Overload 1 of 2, '(fn: (user: User, done: (err: any, id?: unknown) => void) => void): void', gave the following error.
    Argument of type '(user: import("/app/src/models/student").User, done: (err: any, id?: unknown) => void) => void' is not assignable to parameter of type '(user: Express.User, done: (err: any, id?: unknown) => void) => void'.
      Types of parameters 'user' and 'user' are incompatible.
        Type 'User' is missing the following properties from type 'User': netId, evals
  Overload 2 of 2, '(fn: (req: IncomingMessage, user: User, done: (err: any, id?: unknown) => void) => void): void', gave the following error.
    Argument of type '(user: User, done: (err: any, id?: unknown) => void) => void' is not assignable to parameter of type '(req: IncomingMessage, user: User, done: (err: any, id?: unknown) => void) => void'.
      Types of parameters 'user' and 'req' are incompatible.
        Type 'IncomingMessage' is missing the following properties from type 'User': netId, evals
src/auth/cas_auth.routes.ts(127,51): error TS2339: Property 'netId' does not exist on type 'User'.
src/auth/cas_auth.routes.ts(140,28): error TS2339: Property 'evals' does not exist on type 'User'.
src/auth/cas_auth.routes.ts(143,51): error TS2339: Property 'netId' does not exist on type 'User'.
src/auth/cas_auth.routes.ts(157,43): error TS2339: Property 'netId' does not exist on type 'User'.

    at Object.<anonymous> (/app/src/auth/cas_auth.routes.ts:1:7)
    at Module._compile (node:internal/modules/cjs/loader:1092:14)
    at Module._compile (/app/node_modules/source-map-support/source-map-support.js:547:25)
    at Module.m._compile (/tmp/ts-node-dev-hook-8980194794698497.js:69:33)
    at Module._extensions..js (node:internal/modules/cjs/loader:1121:10)
    at require.extensions..jsx.require.extensions..js (/tmp/ts-node-dev-hook-8980194794698497.js:114:20)
    at require.extensions.<computed> (/tmp/ts-node-dev-hook-8980194794698497.js:71:20)
    at Object.nodeDevHook [as .ts] (/app/node_modules/ts-node-dev/lib/hook.js:63:13)
    at Module.load (node:internal/modules/cjs/loader:972:32)
    at Function.Module._load (node:internal/modules/cjs/loader:813:14)
2021-03-10 01:47:21:4721 error: uncaughtException: Cannot set headers after they are sent to the client
Error [ERR_HTTP_HEADERS_SENT]: Cannot set headers after they are sent to the client
    at new NodeError (node:internal/errors:329:5)
    at ServerResponse.setHeader (node:_http_outgoing:573:11)
    at ServerResponse.header (/app/node_modules/express/lib/response.js:771:10)
    at ServerResponse.location (/app/node_modules/express/lib/response.js:888:15)
    at ServerResponse.redirect (/app/node_modules/express/lib/response.js:926:18)
    at postAuth (/app/src/auth/cas_auth.routes.ts:94:16)
    at /app/src/auth/cas_auth.routes.ts:120:16
    at Query.<anonymous> (/app/src/models/student.models.ts:52:15)
    at Query.<anonymous> (/app/node_modules/mysql/lib/Connection.js:526:10)
    at Query._callback (/app/node_modules/mysql/lib/Connection.js:488:16)
2021-03-10 01:48:40:4840 error: uncaughtException: Cannot set headers after they are sent to the client
Error [ERR_HTTP_HEADERS_SENT]: Cannot set headers after they are sent to the client
    at new NodeError (node:internal/errors:329:5)
    at ServerResponse.setHeader (node:_http_outgoing:573:11)
    at ServerResponse.header (/app/node_modules/express/lib/response.js:771:10)
    at ServerResponse.location (/app/node_modules/express/lib/response.js:888:15)
    at ServerResponse.redirect (/app/node_modules/express/lib/response.js:926:18)
    at postAuth (/app/src/auth/cas_auth.routes.ts:94:16)
    at /app/src/auth/cas_auth.routes.ts:120:16
    at Query.<anonymous> (/app/src/models/student.models.ts:52:15)
    at Query.<anonymous> (/app/node_modules/mysql/lib/Connection.js:526:10)
    at Query._callback (/app/node_modules/mysql/lib/Connection.js:488:16)
2021-03-10 01:50:22:5022 error: uncaughtException: Cannot set headers after they are sent to the client
Error [ERR_HTTP_HEADERS_SENT]: Cannot set headers after they are sent to the client
    at new NodeError (node:internal/errors:329:5)
    at ServerResponse.setHeader (node:_http_outgoing:573:11)
    at ServerResponse.header (/app/node_modules/express/lib/response.js:771:10)
    at ServerResponse.location (/app/node_modules/express/lib/response.js:888:15)
    at ServerResponse.redirect (/app/node_modules/express/lib/response.js:926:18)
    at postAuth (/app/src/auth/cas_auth.routes.ts:94:16)
    at /app/src/auth/cas_auth.routes.ts:120:16
    at Query.<anonymous> (/app/src/models/student.models.ts:52:15)
    at Query.<anonymous> (/app/node_modules/mysql/lib/Connection.js:526:10)
    at Query._callback (/app/node_modules/mysql/lib/Connection.js:488:16)
